Traceback (most recent call last):
  File "/home/harusame/performance/performance/app.py", line 10, in <module>
    from flask_jwt_extended import create_access_token, JWTManager, get_jwt_identity, jwt_required, decode_token
ModuleNotFoundError: No module named 'flask_jwt_extended'
Traceback (most recent call last):
  File "/home/harusame/performance/performance/app.py", line 15, in <module>
    from Entity.auth import UserCredentials
  File "/home/harusame/performance/performance/Entity/auth.py", line 2, in <module>
    import bcrypt
ModuleNotFoundError: No module named 'bcrypt'
Traceback (most recent call last):
  File "/home/harusame/performance/performance/app.py", line 24, in <module>
    from test import get_password, to_pinyin#（本地测试路径）
  File "/home/harusame/performance/performance/test.py", line 1, in <module>
    import psycopg2
ModuleNotFoundError: No module named 'psycopg2'
Traceback (most recent call last):
  File "/home/harusame/performance/performance/app.py", line 24, in <module>
    from test import get_password, to_pinyin#（本地测试路径）
  File "/home/harusame/performance/performance/test.py", line 1, in <module>
    import psycopg2
ModuleNotFoundError: No module named 'psycopg2'
